<?xml version="1.0" encoding="UTF-8"?>
<testsuite xmlns:xsi="http://www.w3.org/2001/XMLSchema-instance" xsi:schemaLocation="https://maven.apache.org/surefire/maven-surefire-plugin/xsd/surefire-test-report.xsd" name="at.fhtw.sampleapp.service.weather.WeatherTest" time="0.179" tests="3" errors="0" skipped="0" failures="0">
  <properties>
    <property name="idea.version" value="2023.1.2"/>
    <property name="java.runtime.name" value="OpenJDK Runtime Environment"/>
    <property name="java.vm.version" value="17.0.7+7"/>
    <property name="sun.boot.library.path" value="/home/edin/.jdks/temurin-17.0.7/lib"/>
    <property name="maven.multiModuleProjectDirectory" value="/home/edin/Dokumente/Workspaces/SWEN1/httpserverbase"/>
    <property name="java.vm.vendor" value="Eclipse Adoptium"/>
    <property name="java.vendor.url" value="https://adoptium.net/"/>
    <property name="guice.disable.misplaced.annotation.check" value="true"/>
    <property name="path.separator" value=":"/>
    <property name="java.vm.name" value="OpenJDK 64-Bit Server VM"/>
    <property name="user.country" value="AT"/>
    <property name="sun.java.launcher" value="SUN_STANDARD"/>
    <property name="java.vm.specification.name" value="Java Virtual Machine Specification"/>
    <property name="user.dir" value="/home/edin/Dokumente/Workspaces/SWEN1/httpserverbase"/>
    <property name="java.vm.compressedOopsMode" value="Zero based"/>
    <property name="java.runtime.version" value="17.0.7+7"/>
    <property name="os.arch" value="amd64"/>
    <property name="java.io.tmpdir" value="/tmp"/>
    <property name="line.separator" value="&#10;"/>
    <property name="java.vm.specification.vendor" value="Oracle Corporation"/>
    <property name="os.name" value="Linux"/>
    <property name="maven.ext.class.path" value="/home/edin/.local/share/JetBrains/Toolbox/apps/IDEA-U/ch-0/231.9011.34/plugins/maven/lib/maven-event-listener.jar"/>
    <property name="classworlds.conf" value="/home/edin/.local/share/JetBrains/Toolbox/apps/IDEA-U/ch-0/231.9011.34/plugins/maven/lib/maven3/bin/m2.conf"/>
    <property name="sun.jnu.encoding" value="UTF-8"/>
    <property name="java.library.path" value="/usr/java/packages/lib:/usr/lib64:/lib64:/lib:/usr/lib"/>
    <property name="jansi.passthrough" value="true"/>
    <property name="maven.conf" value="/home/edin/.local/share/JetBrains/Toolbox/apps/IDEA-U/ch-0/231.9011.34/plugins/maven/lib/maven3/conf"/>
    <property name="jdk.debug" value="release"/>
    <property name="java.class.version" value="61.0"/>
    <property name="java.specification.name" value="Java Platform API Specification"/>
    <property name="sun.management.compiler" value="HotSpot 64-Bit Tiered Compilers"/>
    <property name="os.version" value="5.19.0-42-generic"/>
    <property name="user.home" value="/home/edin"/>
    <property name="user.timezone" value="Europe/Vienna"/>
    <property name="file.encoding" value="UTF-8"/>
    <property name="java.specification.version" value="17"/>
    <property name="user.name" value="edin"/>
    <property name="java.class.path" value="/home/edin/.local/share/JetBrains/Toolbox/apps/IDEA-U/ch-0/231.9011.34/plugins/maven/lib/maven3/boot/plexus-classworlds.license:/home/edin/.local/share/JetBrains/Toolbox/apps/IDEA-U/ch-0/231.9011.34/plugins/maven/lib/maven3/boot/plexus-classworlds-2.6.0.jar"/>
    <property name="java.vm.specification.version" value="17"/>
    <property name="sun.arch.data.model" value="64"/>
    <property name="sun.java.command" value="org.codehaus.classworlds.Launcher -Didea.version=2023.1.2 test"/>
    <property name="java.home" value="/home/edin/.jdks/temurin-17.0.7"/>
    <property name="user.language" value="de"/>
    <property name="java.specification.vendor" value="Oracle Corporation"/>
    <property name="java.vm.info" value="mixed mode, sharing"/>
    <property name="java.version" value="17.0.7"/>
    <property name="native.encoding" value="UTF-8"/>
    <property name="securerandom.source" value="file:/dev/./urandom"/>
    <property name="java.vendor" value="Eclipse Adoptium"/>
    <property name="maven.home" value="/home/edin/.local/share/JetBrains/Toolbox/apps/IDEA-U/ch-0/231.9011.34/plugins/maven/lib/maven3"/>
    <property name="file.separator" value="/"/>
    <property name="java.version.date" value="2023-04-18"/>
    <property name="java.vendor.url.bug" value="https://github.com/adoptium/adoptium-support/issues"/>
    <property name="sun.io.unicode.encoding" value="UnicodeLittle"/>
    <property name="sun.cpu.endian" value="little"/>
    <property name="java.vendor.version" value="Temurin-17.0.7+7"/>
  </properties>
  <testcase name="testWeatherServiceGetCompleteList" classname="at.fhtw.sampleapp.service.weather.WeatherTest" time="0.164"/>
  <testcase name="testWeatherServiceGetByIdCheckString" classname="at.fhtw.sampleapp.service.weather.WeatherTest" time="0.003"/>
  <testcase name="testWeatherServiceGetById" classname="at.fhtw.sampleapp.service.weather.WeatherTest" time="0.003"/>
</testsuite>